token_path: /home/stefan/enclave.grpshrpbc.token
Replaying 10000x9999...
SYN_TRACE,10000x9999,0,25.958794
Replaying 10000x9999...
SYN_TRACE,10000x9999,1,53.382133
Replaying 10000x9999...
SYN_TRACE,10000x9999,2,75.497927
Replaying 10000x9999...
SYN_TRACE,10000x9999,3,92.104174
Replaying 10000x9999...
SYN_TRACE,10000x9999,4,103.574070
Replaying 10000x9999...
SYN_TRACE,10000x9999,5,113.656227
Replaying 10000x9999...
SYN_TRACE,10000x9999,6,130.538818
Replaying 10000x9999...
DEFRAGMENTATION ....
New group is 7012 size.
SYN_TRACE,10000x9999,7,137.174283
Replaying 10000x9999...
DEFRAGMENTATION ....
New group is 6762 size.
DEFRAGMENTATION ....
New group is 4545 size.
SYN_TRACE,10000x9999,8,143.765525
Replaying 10000x9999...
DEFRAGMENTATION ....
New group is 6770 size.
DEFRAGMENTATION ....
New group is 4632 size.
DEFRAGMENTATION ....
New group is 3137 size.
DEFRAGMENTATION ....
New group is 2092 size.
SYN_TRACE,10000x9999,9,141.188709
Replaying 10000x9999...
DEFRAGMENTATION ....
New group is 6756 size.
DEFRAGMENTATION ....
New group is 4498 size.
DEFRAGMENTATION ....
New group is 2978 size.
DEFRAGMENTATION ....
New group is 1993 size.
DEFRAGMENTATION ....
New group is 1314 size.
SYN_TRACE,10000x9999,10,128.699360

