token_path: /home/stefan/enclave.grpshrpbc.token
Replaying 10000x9999...
SYN_TRACE,10000x9999,0,25.805437
Replaying 10000x9999...
SYN_TRACE,10000x9999,1,45.586787
Replaying 10000x9999...
SYN_TRACE,10000x9999,2,62.644937
Replaying 10000x9999...
SYN_TRACE,10000x9999,3,75.282617
Replaying 10000x9999...
SYN_TRACE,10000x9999,4,85.307100
Replaying 10000x9999...
SYN_TRACE,10000x9999,5,102.087359
Replaying 10000x9999...
SYN_TRACE,10000x9999,6,115.431742
Replaying 10000x9999...
DEFRAGMENTATION ....
New group is 6902 size.
SYN_TRACE,10000x9999,7,106.826605
Replaying 10000x9999...
DEFRAGMENTATION ....
New group is 6637 size.
DEFRAGMENTATION ....
New group is 4452 size.
SYN_TRACE,10000x9999,8,111.640040
Replaying 10000x9999...
DEFRAGMENTATION ....
New group is 6719 size.
DEFRAGMENTATION ....
New group is 4502 size.
DEFRAGMENTATION ....
New group is 3090 size.
DEFRAGMENTATION ....
New group is 2082 size.
SYN_TRACE,10000x9999,9,119.523125
Replaying 10000x9999...
DEFRAGMENTATION ....
New group is 6605 size.
DEFRAGMENTATION ....
New group is 4380 size.
DEFRAGMENTATION ....
New group is 2927 size.
DEFRAGMENTATION ....
New group is 1962 size.
SYN_TRACE,10000x9999,10,104.711862

